<?xml version="1.0" encoding="UTF-8"?>
<!-- Generated by org.testng.reporters.JUnitReportReporter -->
<testsuite hostname="DESKTOP-3V017FK" failures="0" tests="1" name="test.NewTest1" time="10.867" errors="0" timestamp="2023-06-30T15:33:03 IST" skipped="0">
  <testcase classname="test.NewTest1" name="f" time="10.867"/>
</testsuite> <!-- test.NewTest1 -->
